app/build/intermediates/manifest_merge_blame_file/debug/manifest-merger-blame-debug-report.txt
1<?xml version="1.0" encoding="utf-8"?>
2<manifest xmlns:android="http://schemas.android.com/apk/res/android"
3    package="com.example.login_dsm"
4    android:versionCode="1"
5    android:versionName="1.0" >
6
7    <uses-sdk
8        android:minSdkVersion="24"
8-->src\main\AndroidManifest.xml
9        android:targetSdkVersion="33" />
9-->src\main\AndroidManifest.xml
10
11    <uses-permission android:name="android.permission.INTERNET" />
11-->src\main\AndroidManifest.xml:5:5-67
11-->src\main\AndroidManifest.xml:5:22-64
12    <uses-permission android:name="android.permission.ACCESS_NETWORK_STATE" />
12-->src\main\AndroidManifest.xml:6:5-79
12-->src\main\AndroidManifest.xml:6:22-76
13
14    <permission
14-->[androidx.core:core:1.9.0] AndroidManifest.xml:22:5-24:47
15        android:name="com.example.login_dsm.DYNAMIC_RECEIVER_NOT_EXPORTED_PERMISSION"
15-->[androidx.core:core:1.9.0] AndroidManifest.xml:23:9-81
16        android:protectionLevel="signature" />
16-->[androidx.core:core:1.9.0] AndroidManifest.xml:24:9-44
17
18    <uses-permission android:name="com.example.login_dsm.DYNAMIC_RECEIVER_NOT_EXPORTED_PERMISSION" />
18-->[androidx.core:core:1.9.0] AndroidManifest.xml:26:5-97
18-->[androidx.core:core:1.9.0] AndroidManifest.xml:26:22-94
19    <uses-permission android:name="com.google.android.finsky.permission.BIND_GET_INSTALL_REFERRER_SERVICE" />
19-->[com.android.installreferrer:installreferrer:1.0] AndroidManifest.xml:9:5-110
19-->[com.android.installreferrer:installreferrer:1.0] AndroidManifest.xml:9:22-107
20
21    <application
21-->src\main\AndroidManifest.xml:11:5-68:19
22        android:allowBackup="true"
22-->src\main\AndroidManifest.xml:12:9-35
23        android:appComponentFactory="androidx.core.app.CoreComponentFactory"
23-->[androidx.core:core:1.9.0] AndroidManifest.xml:28:18-86
24        android:dataExtractionRules="@xml/data_extraction_rules"
24-->src\main\AndroidManifest.xml:13:9-65
25        android:debuggable="true"
26        android:extractNativeLibs="false"
27        android:fullBackupContent="@xml/backup_rules"
27-->src\main\AndroidManifest.xml:14:9-54
28        android:icon="@mipmap/ic_launcher"
28-->src\main\AndroidManifest.xml:15:9-43
29        android:label="@string/app_name"
29-->src\main\AndroidManifest.xml:16:9-41
30        android:supportsRtl="true"
30-->src\main\AndroidManifest.xml:17:9-35
31        android:testOnly="true"
32        android:theme="@style/Theme.LoginDSM" >
32-->src\main\AndroidManifest.xml:18:9-46
33        <activity
33-->src\main\AndroidManifest.xml:20:9-22:40
34            android:name="com.example.login_dsm.InvoiceRegister"
34-->src\main\AndroidManifest.xml:21:13-44
35            android:exported="false" />
35-->src\main\AndroidManifest.xml:22:13-37
36        <activity
36-->src\main\AndroidManifest.xml:23:9-25:40
37            android:name="com.example.login_dsm.SignUpActivity"
37-->src\main\AndroidManifest.xml:24:13-43
38            android:exported="false" />
38-->src\main\AndroidManifest.xml:25:13-37
39        <activity
39-->src\main\AndroidManifest.xml:26:9-28:40
40            android:name="com.example.login_dsm.InvoiceActivity"
40-->src\main\AndroidManifest.xml:27:13-44
41            android:exported="false" />
41-->src\main\AndroidManifest.xml:28:13-37
42        <activity
42-->src\main\AndroidManifest.xml:29:9-31:40
43            android:name="com.example.login_dsm.AddInvoiceActivity"
43-->src\main\AndroidManifest.xml:30:13-47
44            android:exported="false" />
44-->src\main\AndroidManifest.xml:31:13-37
45        <activity
45-->src\main\AndroidManifest.xml:32:9-34:40
46            android:name="com.example.login_dsm.SignInActivity"
46-->src\main\AndroidManifest.xml:33:13-43
47            android:exported="false" />
47-->src\main\AndroidManifest.xml:34:13-37
48        <activity
48-->src\main\AndroidManifest.xml:35:9-43:20
49            android:name="com.example.login_dsm.MainActivity"
49-->src\main\AndroidManifest.xml:36:13-41
50            android:exported="true" >
50-->src\main\AndroidManifest.xml:37:13-36
51            <intent-filter>
51-->src\main\AndroidManifest.xml:38:13-42:29
52                <action android:name="android.intent.action.MAIN" />
52-->src\main\AndroidManifest.xml:39:17-69
52-->src\main\AndroidManifest.xml:39:25-66
53
54                <category android:name="android.intent.category.LAUNCHER" />
54-->src\main\AndroidManifest.xml:41:17-77
54-->src\main\AndroidManifest.xml:41:27-74
55            </intent-filter>
56        </activity>
57        <activity
57-->src\main\AndroidManifest.xml:44:9-52:20
58            android:name="com.example.login_dsm.transfer.SearchemailActivity"
58-->src\main\AndroidManifest.xml:45:13-57
59            android:exported="true" >
59-->src\main\AndroidManifest.xml:46:13-36
60            <intent-filter>
60-->src\main\AndroidManifest.xml:38:13-42:29
61                <action android:name="android.intent.action.MAIN" />
61-->src\main\AndroidManifest.xml:39:17-69
61-->src\main\AndroidManifest.xml:39:25-66
62
63                <category android:name="android.intent.category.LAUNCHER" />
63-->src\main\AndroidManifest.xml:41:17-77
63-->src\main\AndroidManifest.xml:41:27-74
64            </intent-filter>
65        </activity>
66        <activity
66-->src\main\AndroidManifest.xml:53:9-61:20
67            android:name="com.example.login_dsm.transfer.TransferActivity"
67-->src\main\AndroidManifest.xml:54:13-54
68            android:exported="true" >
68-->src\main\AndroidManifest.xml:55:13-36
69            <intent-filter>
69-->src\main\AndroidManifest.xml:38:13-42:29
70                <action android:name="android.intent.action.MAIN" />
70-->src\main\AndroidManifest.xml:39:17-69
70-->src\main\AndroidManifest.xml:39:25-66
71
72                <category android:name="android.intent.category.LAUNCHER" />
72-->src\main\AndroidManifest.xml:41:17-77
72-->src\main\AndroidManifest.xml:41:27-74
73            </intent-filter>
74        </activity>
75        <activity
75-->src\main\AndroidManifest.xml:62:9-65:73
76            android:name="com.google.android.gms.auth.api.signin.internal.SignInHubActivity"
76-->src\main\AndroidManifest.xml:63:13-93
77            android:excludeFromRecents="true"
77-->[com.google.android.gms:play-services-auth:19.2.0] AndroidManifest.xml:25:13-46
78            android:exported="false"
78-->[com.google.android.gms:play-services-auth:19.2.0] AndroidManifest.xml:26:13-37
79            android:screenOrientation="portrait"
79-->src\main\AndroidManifest.xml:64:13-49
80            android:theme="@android:style/Theme.Translucent.NoTitleBar"
80-->[com.google.android.gms:play-services-auth:19.2.0] AndroidManifest.xml:27:13-72
81            android:windowSoftInputMode="stateAlwaysHidden|adjustPan" />
81-->src\main\AndroidManifest.xml:65:13-70
82
83        <service
83-->[com.google.firebase:firebase-auth-ktx:21.2.0] AndroidManifest.xml:8:9-14:19
84            android:name="com.google.firebase.components.ComponentDiscoveryService"
84-->[com.google.firebase:firebase-auth-ktx:21.2.0] AndroidManifest.xml:9:13-84
85            android:directBootAware="true"
85-->[com.google.firebase:firebase-common:20.3.2] AndroidManifest.xml:34:13-43
86            android:exported="false" >
86-->[com.google.firebase:firebase-auth-ktx:21.2.0] AndroidManifest.xml:10:13-37
87            <meta-data
87-->[com.google.firebase:firebase-auth-ktx:21.2.0] AndroidManifest.xml:11:13-13:85
88                android:name="com.google.firebase.components:com.google.firebase.auth.ktx.FirebaseAuthKtxRegistrar"
88-->[com.google.firebase:firebase-auth-ktx:21.2.0] AndroidManifest.xml:12:17-116
89                android:value="com.google.firebase.components.ComponentRegistrar" />
89-->[com.google.firebase:firebase-auth-ktx:21.2.0] AndroidManifest.xml:13:17-82
90            <meta-data
90-->[com.google.firebase:firebase-database-ktx:20.1.0] AndroidManifest.xml:14:13-16:85
91                android:name="com.google.firebase.components:com.google.firebase.database.ktx.FirebaseDatabaseKtxRegistrar"
91-->[com.google.firebase:firebase-database-ktx:20.1.0] AndroidManifest.xml:15:17-124
92                android:value="com.google.firebase.components.ComponentRegistrar" />
92-->[com.google.firebase:firebase-database-ktx:20.1.0] AndroidManifest.xml:16:17-82
93            <meta-data
93-->[com.google.firebase:firebase-storage-ktx:20.1.0] AndroidManifest.xml:14:13-16:85
94                android:name="com.google.firebase.components:com.google.firebase.storage.ktx.FirebaseStorageKtxRegistrar"
94-->[com.google.firebase:firebase-storage-ktx:20.1.0] AndroidManifest.xml:15:17-122
95                android:value="com.google.firebase.components.ComponentRegistrar" />
95-->[com.google.firebase:firebase-storage-ktx:20.1.0] AndroidManifest.xml:16:17-82
96            <meta-data
96-->[com.google.firebase:firebase-common-ktx:20.3.2] AndroidManifest.xml:14:13-16:85
97                android:name="com.google.firebase.components:com.google.firebase.ktx.FirebaseCommonKtxRegistrar"
97-->[com.google.firebase:firebase-common-ktx:20.3.2] AndroidManifest.xml:15:17-113
98                android:value="com.google.firebase.components.ComponentRegistrar" />
98-->[com.google.firebase:firebase-common-ktx:20.3.2] AndroidManifest.xml:16:17-82
99            <meta-data
99-->[com.google.firebase:firebase-auth:21.3.0] AndroidManifest.xml:69:13-71:85
100                android:name="com.google.firebase.components:com.google.firebase.auth.FirebaseAuthRegistrar"
100-->[com.google.firebase:firebase-auth:21.3.0] AndroidManifest.xml:70:17-109
101                android:value="com.google.firebase.components.ComponentRegistrar" />
101-->[com.google.firebase:firebase-auth:21.3.0] AndroidManifest.xml:71:17-82
102            <meta-data
102-->[com.google.firebase:firebase-appcheck-playintegrity:16.1.2] AndroidManifest.xml:27:13-29:85
103                android:name="com.google.firebase.components:com.google.firebase.appcheck.playintegrity.FirebaseAppCheckPlayIntegrityRegistrar"
103-->[com.google.firebase:firebase-appcheck-playintegrity:16.1.2] AndroidManifest.xml:28:17-144
104                android:value="com.google.firebase.components.ComponentRegistrar" />
104-->[com.google.firebase:firebase-appcheck-playintegrity:16.1.2] AndroidManifest.xml:29:17-82
105            <meta-data
105-->[com.google.firebase:firebase-storage:20.1.0] AndroidManifest.xml:32:13-34:85
106                android:name="com.google.firebase.components:com.google.firebase.storage.StorageRegistrar"
106-->[com.google.firebase:firebase-storage:20.1.0] AndroidManifest.xml:33:17-107
107                android:value="com.google.firebase.components.ComponentRegistrar" />
107-->[com.google.firebase:firebase-storage:20.1.0] AndroidManifest.xml:34:17-82
108            <meta-data
108-->[com.google.firebase:firebase-database:20.1.0] AndroidManifest.xml:31:13-33:85
109                android:name="com.google.firebase.components:com.google.firebase.database.DatabaseRegistrar"
109-->[com.google.firebase:firebase-database:20.1.0] AndroidManifest.xml:32:17-109
110                android:value="com.google.firebase.components.ComponentRegistrar" />
110-->[com.google.firebase:firebase-database:20.1.0] AndroidManifest.xml:33:17-82
111            <meta-data
111-->[com.google.firebase:firebase-appcheck:16.1.2] AndroidManifest.xml:27:13-29:85
112                android:name="com.google.firebase.components:com.google.firebase.appcheck.FirebaseAppCheckRegistrar"
112-->[com.google.firebase:firebase-appcheck:16.1.2] AndroidManifest.xml:28:17-117
113                android:value="com.google.firebase.components.ComponentRegistrar" />
113-->[com.google.firebase:firebase-appcheck:16.1.2] AndroidManifest.xml:29:17-82
114        </service>
115
116        <activity
116-->[com.google.firebase:firebase-auth:21.3.0] AndroidManifest.xml:29:9-46:20
117            android:name="com.google.firebase.auth.internal.GenericIdpActivity"
117-->[com.google.firebase:firebase-auth:21.3.0] AndroidManifest.xml:30:13-80
118            android:excludeFromRecents="true"
118-->[com.google.firebase:firebase-auth:21.3.0] AndroidManifest.xml:31:13-46
119            android:exported="true"
119-->[com.google.firebase:firebase-auth:21.3.0] AndroidManifest.xml:32:13-36
120            android:launchMode="singleTask"
120-->[com.google.firebase:firebase-auth:21.3.0] AndroidManifest.xml:33:13-44
121            android:theme="@android:style/Theme.Translucent.NoTitleBar" >
121-->[com.google.firebase:firebase-auth:21.3.0] AndroidManifest.xml:34:13-72
122            <intent-filter>
122-->[com.google.firebase:firebase-auth:21.3.0] AndroidManifest.xml:35:13-45:29
123                <action android:name="android.intent.action.VIEW" />
123-->[com.google.firebase:firebase-auth:21.3.0] AndroidManifest.xml:36:17-69
123-->[com.google.firebase:firebase-auth:21.3.0] AndroidManifest.xml:36:25-66
124
125                <category android:name="android.intent.category.DEFAULT" />
125-->[com.google.firebase:firebase-auth:21.3.0] AndroidManifest.xml:38:17-76
125-->[com.google.firebase:firebase-auth:21.3.0] AndroidManifest.xml:38:27-73
126                <category android:name="android.intent.category.BROWSABLE" />
126-->[com.google.firebase:firebase-auth:21.3.0] AndroidManifest.xml:39:17-78
126-->[com.google.firebase:firebase-auth:21.3.0] AndroidManifest.xml:39:27-75
127
128                <data
128-->[com.google.firebase:firebase-auth:21.3.0] AndroidManifest.xml:41:17-44:51
129                    android:host="firebase.auth"
129-->[com.google.firebase:firebase-auth:21.3.0] AndroidManifest.xml:42:21-49
130                    android:path="/"
130-->[com.google.firebase:firebase-auth:21.3.0] AndroidManifest.xml:43:21-37
131                    android:scheme="genericidp" />
131-->[com.google.firebase:firebase-auth:21.3.0] AndroidManifest.xml:44:21-48
132            </intent-filter>
133        </activity>
134        <activity
134-->[com.google.firebase:firebase-auth:21.3.0] AndroidManifest.xml:47:9-64:20
135            android:name="com.google.firebase.auth.internal.RecaptchaActivity"
135-->[com.google.firebase:firebase-auth:21.3.0] AndroidManifest.xml:48:13-79
136            android:excludeFromRecents="true"
136-->[com.google.firebase:firebase-auth:21.3.0] AndroidManifest.xml:49:13-46
137            android:exported="true"
137-->[com.google.firebase:firebase-auth:21.3.0] AndroidManifest.xml:50:13-36
138            android:launchMode="singleTask"
138-->[com.google.firebase:firebase-auth:21.3.0] AndroidManifest.xml:51:13-44
139            android:theme="@android:style/Theme.Translucent.NoTitleBar" >
139-->[com.google.firebase:firebase-auth:21.3.0] AndroidManifest.xml:52:13-72
140            <intent-filter>
140-->[com.google.firebase:firebase-auth:21.3.0] AndroidManifest.xml:53:13-63:29
141                <action android:name="android.intent.action.VIEW" />
141-->[com.google.firebase:firebase-auth:21.3.0] AndroidManifest.xml:36:17-69
141-->[com.google.firebase:firebase-auth:21.3.0] AndroidManifest.xml:36:25-66
142
143                <category android:name="android.intent.category.DEFAULT" />
143-->[com.google.firebase:firebase-auth:21.3.0] AndroidManifest.xml:38:17-76
143-->[com.google.firebase:firebase-auth:21.3.0] AndroidManifest.xml:38:27-73
144                <category android:name="android.intent.category.BROWSABLE" />
144-->[com.google.firebase:firebase-auth:21.3.0] AndroidManifest.xml:39:17-78
144-->[com.google.firebase:firebase-auth:21.3.0] AndroidManifest.xml:39:27-75
145
146                <data
146-->[com.google.firebase:firebase-auth:21.3.0] AndroidManifest.xml:41:17-44:51
147                    android:host="firebase.auth"
147-->[com.google.firebase:firebase-auth:21.3.0] AndroidManifest.xml:42:21-49
148                    android:path="/"
148-->[com.google.firebase:firebase-auth:21.3.0] AndroidManifest.xml:43:21-37
149                    android:scheme="recaptcha" />
149-->[com.google.firebase:firebase-auth:21.3.0] AndroidManifest.xml:44:21-48
150            </intent-filter>
151        </activity>
152        <activity
152-->[com.facebook.android:facebook-common:8.2.0] AndroidManifest.xml:30:9-33:66
153            android:name="com.facebook.FacebookActivity"
153-->[com.facebook.android:facebook-common:8.2.0] AndroidManifest.xml:31:13-57
154            android:configChanges="keyboard|keyboardHidden|screenLayout|screenSize|orientation"
154-->[com.facebook.android:facebook-common:8.2.0] AndroidManifest.xml:32:13-96
155            android:theme="@style/com_facebook_activity_theme" />
155-->[com.facebook.android:facebook-common:8.2.0] AndroidManifest.xml:33:13-63
156        <activity android:name="com.facebook.CustomTabMainActivity" />
156-->[com.facebook.android:facebook-common:8.2.0] AndroidManifest.xml:34:9-71
156-->[com.facebook.android:facebook-common:8.2.0] AndroidManifest.xml:34:19-68
157        <activity
157-->[com.facebook.android:facebook-common:8.2.0] AndroidManifest.xml:35:9-49:20
158            android:name="com.facebook.CustomTabActivity"
158-->[com.facebook.android:facebook-common:8.2.0] AndroidManifest.xml:36:13-58
159            android:exported="true" >
159-->[com.facebook.android:facebook-common:8.2.0] AndroidManifest.xml:37:13-36
160            <intent-filter>
160-->[com.facebook.android:facebook-common:8.2.0] AndroidManifest.xml:39:13-48:29
161                <action android:name="android.intent.action.VIEW" />
161-->[com.google.firebase:firebase-auth:21.3.0] AndroidManifest.xml:36:17-69
161-->[com.google.firebase:firebase-auth:21.3.0] AndroidManifest.xml:36:25-66
162
163                <category android:name="android.intent.category.DEFAULT" />
163-->[com.google.firebase:firebase-auth:21.3.0] AndroidManifest.xml:38:17-76
163-->[com.google.firebase:firebase-auth:21.3.0] AndroidManifest.xml:38:27-73
164                <category android:name="android.intent.category.BROWSABLE" />
164-->[com.google.firebase:firebase-auth:21.3.0] AndroidManifest.xml:39:17-78
164-->[com.google.firebase:firebase-auth:21.3.0] AndroidManifest.xml:39:27-75
165
166                <data
166-->[com.google.firebase:firebase-auth:21.3.0] AndroidManifest.xml:41:17-44:51
167                    android:host="cct.com.example.login_dsm"
167-->[com.google.firebase:firebase-auth:21.3.0] AndroidManifest.xml:42:21-49
168                    android:scheme="fbconnect" />
168-->[com.google.firebase:firebase-auth:21.3.0] AndroidManifest.xml:44:21-48
169            </intent-filter>
170        </activity>
171        <!--
172            Service handling Google Sign-In user revocation. For apps that do not integrate with
173            Google Sign-In, this service will never be started.
174        -->
175        <service
175-->[com.google.android.gms:play-services-auth:19.2.0] AndroidManifest.xml:33:9-37:51
176            android:name="com.google.android.gms.auth.api.signin.RevocationBoundService"
176-->[com.google.android.gms:play-services-auth:19.2.0] AndroidManifest.xml:34:13-89
177            android:exported="true"
177-->[com.google.android.gms:play-services-auth:19.2.0] AndroidManifest.xml:35:13-36
178            android:permission="com.google.android.gms.auth.api.signin.permission.REVOCATION_NOTIFICATION"
178-->[com.google.android.gms:play-services-auth:19.2.0] AndroidManifest.xml:36:13-107
179            android:visibleToInstantApps="true" />
179-->[com.google.android.gms:play-services-auth:19.2.0] AndroidManifest.xml:37:13-48
180
181        <provider
181-->[com.google.firebase:firebase-common:20.3.2] AndroidManifest.xml:25:9-30:39
182            android:name="com.google.firebase.provider.FirebaseInitProvider"
182-->[com.google.firebase:firebase-common:20.3.2] AndroidManifest.xml:26:13-77
183            android:authorities="com.example.login_dsm.firebaseinitprovider"
183-->[com.google.firebase:firebase-common:20.3.2] AndroidManifest.xml:27:13-72
184            android:directBootAware="true"
184-->[com.google.firebase:firebase-common:20.3.2] AndroidManifest.xml:28:13-43
185            android:exported="false"
185-->[com.google.firebase:firebase-common:20.3.2] AndroidManifest.xml:29:13-37
186            android:initOrder="100" />
186-->[com.google.firebase:firebase-common:20.3.2] AndroidManifest.xml:30:13-36
187
188        <activity
188-->[com.google.android.gms:play-services-base:18.0.1] AndroidManifest.xml:20:9-22:45
189            android:name="com.google.android.gms.common.api.GoogleApiActivity"
189-->[com.google.android.gms:play-services-base:18.0.1] AndroidManifest.xml:20:19-85
190            android:exported="false"
190-->[com.google.android.gms:play-services-base:18.0.1] AndroidManifest.xml:22:19-43
191            android:theme="@android:style/Theme.Translucent.NoTitleBar" />
191-->[com.google.android.gms:play-services-base:18.0.1] AndroidManifest.xml:21:19-78
192
193        <meta-data
193-->[com.google.android.gms:play-services-basement:18.1.0] AndroidManifest.xml:21:9-23:69
194            android:name="com.google.android.gms.version"
194-->[com.google.android.gms:play-services-basement:18.1.0] AndroidManifest.xml:22:13-58
195            android:value="@integer/google_play_services_version" />
195-->[com.google.android.gms:play-services-basement:18.1.0] AndroidManifest.xml:23:13-66
196        <!--
197         The initialization ContentProvider will call FacebookSdk.sdkInitialize automatically
198         with the application context. This config is merged in with the host app's manifest,
199         but there can only be one provider with the same authority activated at any given
200         point; so if the end user has two or more different apps that use Facebook SDK, only the
201         first one will be able to use the provider. To work around this problem, we use the
202         following placeholder in the authority to identify each host application as if it was
203         a completely different provider.
204        -->
205        <provider
205-->[com.facebook.android:facebook-core:8.2.0] AndroidManifest.xml:39:9-42:40
206            android:name="com.facebook.internal.FacebookInitProvider"
206-->[com.facebook.android:facebook-core:8.2.0] AndroidManifest.xml:40:13-70
207            android:authorities="com.example.login_dsm.FacebookInitProvider"
207-->[com.facebook.android:facebook-core:8.2.0] AndroidManifest.xml:41:13-72
208            android:exported="false" />
208-->[com.facebook.android:facebook-core:8.2.0] AndroidManifest.xml:42:13-37
209
210        <receiver
210-->[com.facebook.android:facebook-core:8.2.0] AndroidManifest.xml:44:9-50:20
211            android:name="com.facebook.CurrentAccessTokenExpirationBroadcastReceiver"
211-->[com.facebook.android:facebook-core:8.2.0] AndroidManifest.xml:45:13-86
212            android:exported="false" >
212-->[com.facebook.android:facebook-core:8.2.0] AndroidManifest.xml:46:13-37
213            <intent-filter>
213-->[com.facebook.android:facebook-core:8.2.0] AndroidManifest.xml:47:13-49:29
214                <action android:name="com.facebook.sdk.ACTION_CURRENT_ACCESS_TOKEN_CHANGED" />
214-->[com.facebook.android:facebook-core:8.2.0] AndroidManifest.xml:48:17-95
214-->[com.facebook.android:facebook-core:8.2.0] AndroidManifest.xml:48:25-92
215            </intent-filter>
216        </receiver>
217
218        <provider
218-->[androidx.emoji2:emoji2:1.2.0] AndroidManifest.xml:24:9-32:20
219            android:name="androidx.startup.InitializationProvider"
219-->[androidx.emoji2:emoji2:1.2.0] AndroidManifest.xml:25:13-67
220            android:authorities="com.example.login_dsm.androidx-startup"
220-->[androidx.emoji2:emoji2:1.2.0] AndroidManifest.xml:26:13-68
221            android:exported="false" >
221-->[androidx.emoji2:emoji2:1.2.0] AndroidManifest.xml:27:13-37
222            <meta-data
222-->[androidx.emoji2:emoji2:1.2.0] AndroidManifest.xml:29:13-31:52
223                android:name="androidx.emoji2.text.EmojiCompatInitializer"
223-->[androidx.emoji2:emoji2:1.2.0] AndroidManifest.xml:30:17-75
224                android:value="androidx.startup" />
224-->[androidx.emoji2:emoji2:1.2.0] AndroidManifest.xml:31:17-49
225            <meta-data
225-->[androidx.lifecycle:lifecycle-process:2.4.1] AndroidManifest.xml:31:13-33:52
226                android:name="androidx.lifecycle.ProcessLifecycleInitializer"
226-->[androidx.lifecycle:lifecycle-process:2.4.1] AndroidManifest.xml:32:17-78
227                android:value="androidx.startup" />
227-->[androidx.lifecycle:lifecycle-process:2.4.1] AndroidManifest.xml:33:17-49
228        </provider>
229    </application>
230
231</manifest>